[debug] not up to date. inChanged = true, force = false
[debug] Updating ProjectRef(uri("file:/C:/Users/aldie/Documents/Git/Backend_Scala/SIS10/project/"), "sis10-build")...
[warn] 
[warn] 	Note: Some unresolved dependencies have extra attributes.  Check that these dependencies exist with the requested attributes.
[warn] 		com.typesafe.sbt:sbt-multi-jvm:0.3.11 (sbtVersion=1.0, scalaVersion=2.12)
[warn] 		com.eed3si9n:sbt-assembly:0.13.0 (sbtVersion=1.0, scalaVersion=2.12)
[warn] 		com.typesafe.sbt:sbt-native-packager:1.0.0 (sbtVersion=1.0, scalaVersion=2.12)
[warn] 
[warn] 	Note: Unresolved dependencies path:
[error] sbt.librarymanagement.ResolveException: Error downloading com.typesafe.sbt:sbt-multi-jvm;sbtVersion=1.0;scalaVersion=2.12:0.3.11
[error]   Not found
[error]   Not found
[error]   not found: https://repo1.maven.org/maven2/com/typesafe/sbt/sbt-multi-jvm_2.12_1.0/0.3.11/sbt-multi-jvm-0.3.11.pom
[error]   not found: C:\Users\aldie\.ivy2\local\com.typesafe.sbt\sbt-multi-jvm\scala_2.12\sbt_1.0\0.3.11\ivys\ivy.xml
[error]   not found: https://repo.scala-sbt.org/scalasbt/sbt-plugin-releases/com.typesafe.sbt/sbt-multi-jvm/scala_2.12/sbt_1.0/0.3.11/ivys/ivy.xml
[error]   not found: https://repo.typesafe.com/typesafe/ivy-releases/com.typesafe.sbt/sbt-multi-jvm/scala_2.12/sbt_1.0/0.3.11/ivys/ivy.xml
[error] Error downloading com.eed3si9n:sbt-assembly;sbtVersion=1.0;scalaVersion=2.12:0.13.0
[error]   Not found
[error]   Not found
[error]   not found: https://repo1.maven.org/maven2/com/eed3si9n/sbt-assembly_2.12_1.0/0.13.0/sbt-assembly-0.13.0.pom
[error]   not found: C:\Users\aldie\.ivy2\local\com.eed3si9n\sbt-assembly\scala_2.12\sbt_1.0\0.13.0\ivys\ivy.xml
[error]   not found: https://repo.scala-sbt.org/scalasbt/sbt-plugin-releases/com.eed3si9n/sbt-assembly/scala_2.12/sbt_1.0/0.13.0/ivys/ivy.xml
[error]   not found: https://repo.typesafe.com/typesafe/ivy-releases/com.eed3si9n/sbt-assembly/scala_2.12/sbt_1.0/0.13.0/ivys/ivy.xml
[error] Error downloading com.typesafe.sbt:sbt-native-packager;sbtVersion=1.0;scalaVersion=2.12:1.0.0
[error]   Not found
[error]   Not found
[error]   not found: https://repo1.maven.org/maven2/com/typesafe/sbt/sbt-native-packager_2.12_1.0/1.0.0/sbt-native-packager-1.0.0.pom
[error]   not found: C:\Users\aldie\.ivy2\local\com.typesafe.sbt\sbt-native-packager\scala_2.12\sbt_1.0\1.0.0\ivys\ivy.xml
[error]   not found: https://repo.scala-sbt.org/scalasbt/sbt-plugin-releases/com.typesafe.sbt/sbt-native-packager/scala_2.12/sbt_1.0/1.0.0/ivys/ivy.xml
[error]   not found: https://repo.typesafe.com/typesafe/ivy-releases/com.typesafe.sbt/sbt-native-packager/scala_2.12/sbt_1.0/1.0.0/ivys/ivy.xml
[error] 	at lmcoursier.CoursierDependencyResolution.unresolvedWarningOrThrow(CoursierDependencyResolution.scala:258)
[error] 	at lmcoursier.CoursierDependencyResolution.$anonfun$update$38(CoursierDependencyResolution.scala:227)
[error] 	at scala.util.Either$LeftProjection.map(Either.scala:573)
[error] 	at lmcoursier.CoursierDependencyResolution.update(CoursierDependencyResolution.scala:227)
[error] 	at sbt.librarymanagement.DependencyResolution.update(DependencyResolution.scala:60)
[error] 	at sbt.internal.LibraryManagement$.resolve$1(LibraryManagement.scala:53)
[error] 	at sbt.internal.LibraryManagement$.$anonfun$cachedUpdate$12(LibraryManagement.scala:103)
[error] 	at sbt.util.Tracked$.$anonfun$lastOutput$1(Tracked.scala:73)
[error] 	at sbt.internal.LibraryManagement$.$anonfun$cachedUpdate$20(LibraryManagement.scala:116)
[error] 	at scala.util.control.Exception$Catch.apply(Exception.scala:228)
[error] 	at sbt.internal.LibraryManagement$.$anonfun$cachedUpdate$11(LibraryManagement.scala:116)
[error] 	at sbt.internal.LibraryManagement$.$anonfun$cachedUpdate$11$adapted(LibraryManagement.scala:97)
[error] 	at sbt.util.Tracked$.$anonfun$inputChangedW$1(Tracked.scala:219)
[error] 	at sbt.internal.LibraryManagement$.cachedUpdate(LibraryManagement.scala:130)
[error] 	at sbt.Classpaths$.$anonfun$updateTask0$5(Defaults.scala:3485)
[error] 	at scala.Function1.$anonfun$compose$1(Function1.scala:49)
[error] 	at sbt.internal.util.$tilde$greater.$anonfun$$u2219$1(TypeFunctions.scala:62)
[error] 	at sbt.std.Transform$$anon$4.work(Transform.scala:68)
[error] 	at sbt.Execute.$anonfun$submit$2(Execute.scala:282)
[error] 	at sbt.internal.util.ErrorHandling$.wideConvert(ErrorHandling.scala:23)
[error] 	at sbt.Execute.work(Execute.scala:291)
[error] 	at sbt.Execute.$anonfun$submit$1(Execute.scala:282)
[error] 	at sbt.ConcurrentRestrictions$$anon$4.$anonfun$submitValid$1(ConcurrentRestrictions.scala:265)
[error] 	at sbt.CompletionService$$anon$2.call(CompletionService.scala:64)
[error] 	at java.base/java.util.concurrent.FutureTask.run(FutureTask.java:264)
[error] 	at java.base/java.util.concurrent.Executors$RunnableAdapter.call(Executors.java:515)
[error] 	at java.base/java.util.concurrent.FutureTask.run(FutureTask.java:264)
[error] 	at java.base/java.util.concurrent.ThreadPoolExecutor.runWorker(ThreadPoolExecutor.java:1128)
[error] 	at java.base/java.util.concurrent.ThreadPoolExecutor$Worker.run(ThreadPoolExecutor.java:628)
[error] 	at java.base/java.lang.Thread.run(Thread.java:830)
[error] (update) sbt.librarymanagement.ResolveException: Error downloading com.typesafe.sbt:sbt-multi-jvm;sbtVersion=1.0;scalaVersion=2.12:0.3.11
[error]   Not found
[error]   Not found
[error]   not found: https://repo1.maven.org/maven2/com/typesafe/sbt/sbt-multi-jvm_2.12_1.0/0.3.11/sbt-multi-jvm-0.3.11.pom
[error]   not found: C:\Users\aldie\.ivy2\local\com.typesafe.sbt\sbt-multi-jvm\scala_2.12\sbt_1.0\0.3.11\ivys\ivy.xml
[error]   not found: https://repo.scala-sbt.org/scalasbt/sbt-plugin-releases/com.typesafe.sbt/sbt-multi-jvm/scala_2.12/sbt_1.0/0.3.11/ivys/ivy.xml
[error]   not found: https://repo.typesafe.com/typesafe/ivy-releases/com.typesafe.sbt/sbt-multi-jvm/scala_2.12/sbt_1.0/0.3.11/ivys/ivy.xml
[error] Error downloading com.eed3si9n:sbt-assembly;sbtVersion=1.0;scalaVersion=2.12:0.13.0
[error]   Not found
[error]   Not found
[error]   not found: https://repo1.maven.org/maven2/com/eed3si9n/sbt-assembly_2.12_1.0/0.13.0/sbt-assembly-0.13.0.pom
[error]   not found: C:\Users\aldie\.ivy2\local\com.eed3si9n\sbt-assembly\scala_2.12\sbt_1.0\0.13.0\ivys\ivy.xml
[error]   not found: https://repo.scala-sbt.org/scalasbt/sbt-plugin-releases/com.eed3si9n/sbt-assembly/scala_2.12/sbt_1.0/0.13.0/ivys/ivy.xml
[error]   not found: https://repo.typesafe.com/typesafe/ivy-releases/com.eed3si9n/sbt-assembly/scala_2.12/sbt_1.0/0.13.0/ivys/ivy.xml
[error] Error downloading com.typesafe.sbt:sbt-native-packager;sbtVersion=1.0;scalaVersion=2.12:1.0.0
[error]   Not found
[error]   Not found
[error]   not found: https://repo1.maven.org/maven2/com/typesafe/sbt/sbt-native-packager_2.12_1.0/1.0.0/sbt-native-packager-1.0.0.pom
[error]   not found: C:\Users\aldie\.ivy2\local\com.typesafe.sbt\sbt-native-packager\scala_2.12\sbt_1.0\1.0.0\ivys\ivy.xml
[error]   not found: https://repo.scala-sbt.org/scalasbt/sbt-plugin-releases/com.typesafe.sbt/sbt-native-packager/scala_2.12/sbt_1.0/1.0.0/ivys/ivy.xml
[error]   not found: https://repo.typesafe.com/typesafe/ivy-releases/com.typesafe.sbt/sbt-native-packager/scala_2.12/sbt_1.0/1.0.0/ivys/ivy.xml
